Build started 9/25/2019 11:22:27 PM.
     1>Project "c:\Users\Mo\documents\visual studio 2013\Projects\Task manager\Task manager\Task manager.vcxproj" on node 2 (Build target(s)).
     1>ClCompile:
         C:\Program Files (x86)\Microsoft Visual Studio 12.0\VC\bin\CL.exe /c /ZI /nologo /W3 /WX- /sdl /Od /Oy- /D WIN32 /D _DEBUG /D _CONSOLE /D _LIB /D _UNICODE /D UNICODE /Gm /EHsc /RTC1 /MDd /GS /fp:precise /Zc:wchar_t /Zc:forScope /Fo"Debug\\" /Fd"Debug\vc120.pdb" /Gd /TP /analyze- /errorReport:prompt Source.cpp
         Source.cpp
     1>c:\users\mo\documents\visual studio 2013\projects\task manager\task manager\source.cpp(21): warning C4018: '<' : signed/unsigned mismatch
     1>c:\users\mo\documents\visual studio 2013\projects\task manager\task manager\source.cpp(36): warning C4018: '<' : signed/unsigned mismatch
     1>c:\users\mo\documents\visual studio 2013\projects\task manager\task manager\source.cpp(53): warning C4018: '<' : signed/unsigned mismatch
     1>c:\users\mo\documents\visual studio 2013\projects\task manager\task manager\source.cpp(88): warning C4018: '>' : signed/unsigned mismatch
     1>c:\users\mo\documents\visual studio 2013\projects\task manager\task manager\source.cpp(107): warning C4018: '>' : signed/unsigned mismatch
     1>c:\users\mo\documents\visual studio 2013\projects\task manager\task manager\source.cpp(176): warning C4018: '>' : signed/unsigned mismatch
     1>c:\users\mo\documents\visual studio 2013\projects\task manager\task manager\source.cpp(193): warning C4018: '<' : signed/unsigned mismatch
     1>c:\users\mo\documents\visual studio 2013\projects\task manager\task manager\source.cpp(212): warning C4018: '<' : signed/unsigned mismatch
     1>c:\users\mo\documents\visual studio 2013\projects\task manager\task manager\source.cpp(257): warning C4018: '<' : signed/unsigned mismatch
     1>c:\users\mo\documents\visual studio 2013\projects\task manager\task manager\source.cpp(283): warning C4018: '>' : signed/unsigned mismatch
     1>c:\users\mo\documents\visual studio 2013\projects\task manager\task manager\source.cpp(306): warning C4018: '<' : signed/unsigned mismatch
     1>c:\users\mo\documents\visual studio 2013\projects\task manager\task manager\source.cpp(331): warning C4018: '<' : signed/unsigned mismatch
     1>c:\users\mo\documents\visual studio 2013\projects\task manager\task manager\source.cpp(333): warning C4018: '<' : signed/unsigned mismatch
     1>c:\users\mo\documents\visual studio 2013\projects\task manager\task manager\source.cpp(335): warning C4018: '<' : signed/unsigned mismatch
     1>c:\users\mo\documents\visual studio 2013\projects\task manager\task manager\source.cpp(353): warning C4018: '<' : signed/unsigned mismatch
     1>c:\users\mo\documents\visual studio 2013\projects\task manager\task manager\source.cpp(355): warning C4018: '<' : signed/unsigned mismatch
     1>c:\users\mo\documents\visual studio 2013\projects\task manager\task manager\source.cpp(357): warning C4018: '<' : signed/unsigned mismatch
       Link:
         C:\Program Files (x86)\Microsoft Visual Studio 12.0\VC\bin\link.exe /ERRORREPORT:PROMPT /OUT:"c:\users\mo\documents\visual studio 2013\Projects\Task manager\Debug\Task manager.exe" /INCREMENTAL /NOLOGO kernel32.lib user32.lib gdi32.lib winspool.lib comdlg32.lib advapi32.lib shell32.lib ole32.lib oleaut32.lib uuid.lib odbc32.lib odbccp32.lib /MANIFEST /MANIFESTUAC:"level='asInvoker' uiAccess='false'" /manifest:embed /DEBUG /PDB:"c:\users\mo\documents\visual studio 2013\Projects\Task manager\Debug\Task manager.pdb" /SUBSYSTEM:CONSOLE /TLBID:1 /DYNAMICBASE /NXCOMPAT /IMPLIB:"c:\users\mo\documents\visual studio 2013\Projects\Task manager\Debug\Task manager.lib" /MACHINE:X86 Debug\Source.obj
         Task manager.vcxproj -> c:\users\mo\documents\visual studio 2013\Projects\Task manager\Debug\Task manager.exe
     1>Done Building Project "c:\Users\Mo\documents\visual studio 2013\Projects\Task manager\Task manager\Task manager.vcxproj" (Build target(s)).

Build succeeded.

Time Elapsed 00:00:06.89
